# JRE version: OpenJDK Runtime Environment Temurin-21.0.6+7 (21.0.6+7) (build 21.0.6+7-LTS)
# Java VM: OpenJDK 64-Bit Server VM Temurin-21.0.6+7 (21.0.6+7-LTS, mixed mode, sharing, tiered, compressed oops, compressed class ptrs, parallel gc, windows-amd64)
GC Precious Log:
 CardTable entry size: 512
 CPUs: 8 total, 8 available
 Memory: 8101M
 Large Page Support: Disabled
 NUMA Support: Disabled
 Compressed Oops: Enabled (32-bit)
 Alignments: Space 512K, Generation 512K, Heap 2M
 Heap Min Capacity: 100M
 Heap Initial Capacity: 100M
 Heap Max Capacity: 1G
 Pre-touch: Disabled
 Parallel Workers: 8
Heap:
 PSYoungGen      total 21504K, used 448K [0x00000000eab00000, 0x00000000ec200000, 0x0000000100000000)
  eden space 19968K, 0% used [0x00000000eab00000,0x00000000eab00000,0x00000000ebe80000)
  from space 1536K, 29% used [0x00000000ebf80000,0x00000000ebff0010,0x00000000ec100000)
  to   space 1024K, 0% used [0x00000000ec100000,0x00000000ec100000,0x00000000ec200000)
 ParOldGen       total 68608K, used 28958K [0x00000000c0000000, 0x00000000c4300000, 0x00000000eab00000)
  object space 68608K, 42% used [0x00000000c0000000,0x00000000c1c47880,0x00000000c4300000)
 Metaspace       used 34949K, committed 35840K, reserved 1114112K
  class space    used 3473K, committed 3840K, reserved 1048576K
GC Heap History (20 events):
Event: 10.400 GC heap after
{Heap after GC invocations=9 (full 1):
 PSYoungGen      total 26624K, used 3553K [0x00000000eab00000, 0x00000000ecc80000, 0x0000000100000000)
  eden space 23040K, 0% used [0x00000000eab00000,0x00000000eab00000,0x00000000ec180000)
  from space 3584K, 99% used [0x00000000ec680000,0x00000000ec9f86f8,0x00000000eca00000)
  to   space 5120K, 0% used [0x00000000ec180000,0x00000000ec180000,0x00000000ec680000)
 ParOldGen       total 68608K, used 9729K [0x00000000c0000000, 0x00000000c4300000, 0x00000000eab00000)
  object space 68608K, 14% used [0x00000000c0000000,0x00000000c0980518,0x00000000c4300000)
 Metaspace       used 26589K, committed 27392K, reserved 1114112K
  class space    used 2534K, committed 2816K, reserved 1048576K
}
Event: 18.612 GC heap before
{Heap before GC invocations=10 (full 1):
 PSYoungGen      total 26624K, used 26586K [0x00000000eab00000, 0x00000000ecc80000, 0x0000000100000000)
  eden space 23040K, 99% used [0x00000000eab00000,0x00000000ec17e4e8,0x00000000ec180000)
  from space 3584K, 99% used [0x00000000ec680000,0x00000000ec9f86f8,0x00000000eca00000)
  to   space 5120K, 0% used [0x00000000ec180000,0x00000000ec180000,0x00000000ec680000)
 ParOldGen       total 68608K, used 9729K [0x00000000c0000000, 0x00000000c4300000, 0x00000000eab00000)
  object space 68608K, 14% used [0x00000000c0000000,0x00000000c0980518,0x00000000c4300000)
 Metaspace       used 30141K, committed 30976K, reserved 1114112K
  class space    used 2941K, committed 3328K, reserved 1048576K
}
Event: 18.620 GC heap after
{Heap after GC invocations=10 (full 1):
 PSYoungGen      total 27648K, used 5109K [0x00000000eab00000, 0x00000000ecc00000, 0x0000000100000000)
  eden space 22528K, 0% used [0x00000000eab00000,0x00000000eab00000,0x00000000ec100000)
  from space 5120K, 99% used [0x00000000ec180000,0x00000000ec67d4f8,0x00000000ec680000)
  to   space 5632K, 0% used [0x00000000ec680000,0x00000000ec680000,0x00000000ecc00000)
 ParOldGen       total 68608K, used 9849K [0x00000000c0000000, 0x00000000c4300000, 0x00000000eab00000)
  object space 68608K, 14% used [0x00000000c0000000,0x00000000c099e528,0x00000000c4300000)
 Metaspace       used 30141K, committed 30976K, reserved 1114112K
  class space    used 2941K, committed 3328K, reserved 1048576K
}
Event: 19.798 GC heap before
{Heap before GC invocations=11 (full 1):
 PSYoungGen      total 27648K, used 27637K [0x00000000eab00000, 0x00000000ecc00000, 0x0000000100000000)
  eden space 22528K, 100% used [0x00000000eab00000,0x00000000ec100000,0x00000000ec100000)
  from space 5120K, 99% used [0x00000000ec180000,0x00000000ec67d4f8,0x00000000ec680000)
  to   space 5632K, 0% used [0x00000000ec680000,0x00000000ec680000,0x00000000ecc00000)
 ParOldGen       total 68608K, used 9849K [0x00000000c0000000, 0x00000000c4300000, 0x00000000eab00000)
  object space 68608K, 14% used [0x00000000c0000000,0x00000000c099e528,0x00000000c4300000)
 Metaspace       used 31397K, committed 32320K, reserved 1114112K
  class space    used 3061K, committed 3456K, reserved 1048576K
}
Event: 19.810 GC heap after
{Heap after GC invocations=11 (full 1):
 PSYoungGen      total 26112K, used 3747K [0x00000000eab00000, 0x00000000eca80000, 0x0000000100000000)
  eden space 22016K, 0% used [0x00000000eab00000,0x00000000eab00000,0x00000000ec080000)
  from space 4096K, 91% used [0x00000000ec680000,0x00000000eca28f48,0x00000000eca80000)
  to   space 4608K, 0% used [0x00000000ec180000,0x00000000ec180000,0x00000000ec600000)
 ParOldGen       total 68608K, used 13360K [0x00000000c0000000, 0x00000000c4300000, 0x00000000eab00000)
  object space 68608K, 19% used [0x00000000c0000000,0x00000000c0d0c000,0x00000000c4300000)
 Metaspace       used 31397K, committed 32320K, reserved 1114112K
  class space    used 3061K, committed 3456K, reserved 1048576K
}
Event: 20.477 GC heap before
{Heap before GC invocations=12 (full 1):
 PSYoungGen      total 26112K, used 25763K [0x00000000eab00000, 0x00000000eca80000, 0x0000000100000000)
  eden space 22016K, 100% used [0x00000000eab00000,0x00000000ec080000,0x00000000ec080000)
  from space 4096K, 91% used [0x00000000ec680000,0x00000000eca28f48,0x00000000eca80000)
  to   space 4608K, 0% used [0x00000000ec180000,0x00000000ec180000,0x00000000ec600000)
 ParOldGen       total 68608K, used 13360K [0x00000000c0000000, 0x00000000c4300000, 0x00000000eab00000)
  object space 68608K, 19% used [0x00000000c0000000,0x00000000c0d0c000,0x00000000c4300000)
 Metaspace       used 31843K, committed 32832K, reserved 1114112K
  class space    used 3130K, committed 3520K, reserved 1048576K
}
Event: 20.496 GC heap after
{Heap after GC invocations=12 (full 1):
 PSYoungGen      total 25088K, used 2769K [0x00000000eab00000, 0x00000000ec780000, 0x0000000100000000)
  eden space 22016K, 0% used [0x00000000eab00000,0x00000000eab00000,0x00000000ec080000)
  from space 3072K, 90% used [0x00000000ec180000,0x00000000ec434460,0x00000000ec480000)
  to   space 3072K, 0% used [0x00000000ec480000,0x00000000ec480000,0x00000000ec780000)
 ParOldGen       total 68608K, used 16909K [0x00000000c0000000, 0x00000000c4300000, 0x00000000eab00000)
  object space 68608K, 24% used [0x00000000c0000000,0x00000000c10834d0,0x00000000c4300000)
 Metaspace       used 31843K, committed 32832K, reserved 1114112K
  class space    used 3130K, committed 3520K, reserved 1048576K
}
Event: 20.882 GC heap before
{Heap before GC invocations=13 (full 1):
 PSYoungGen      total 25088K, used 24785K [0x00000000eab00000, 0x00000000ec780000, 0x0000000100000000)
  eden space 22016K, 100% used [0x00000000eab00000,0x00000000ec080000,0x00000000ec080000)
  from space 3072K, 90% used [0x00000000ec180000,0x00000000ec434460,0x00000000ec480000)
  to   space 3072K, 0% used [0x00000000ec480000,0x00000000ec480000,0x00000000ec780000)
 ParOldGen       total 68608K, used 16909K [0x00000000c0000000, 0x00000000c4300000, 0x00000000eab00000)
  object space 68608K, 24% used [0x00000000c0000000,0x00000000c10834d0,0x00000000c4300000)
 Metaspace       used 31865K, committed 32832K, reserved 1114112K
  class space    used 3130K, committed 3520K, reserved 1048576K
}
Event: 20.892 GC heap after
{Heap after GC invocations=13 (full 1):
 PSYoungGen      total 25088K, used 2722K [0x00000000eab00000, 0x00000000ec780000, 0x0000000100000000)
  eden space 22016K, 0% used [0x00000000eab00000,0x00000000eab00000,0x00000000ec080000)
  from space 3072K, 88% used [0x00000000ec480000,0x00000000ec728810,0x00000000ec780000)
  to   space 3072K, 0% used [0x00000000ec180000,0x00000000ec180000,0x00000000ec480000)
 ParOldGen       total 68608K, used 19379K [0x00000000c0000000, 0x00000000c4300000, 0x00000000eab00000)
  object space 68608K, 28% used [0x00000000c0000000,0x00000000c12ecef0,0x00000000c4300000)
 Metaspace       used 31865K, committed 32832K, reserved 1114112K
  class space    used 3130K, committed 3520K, reserved 1048576K
}
Event: 21.163 GC heap before
{Heap before GC invocations=14 (full 1):
 PSYoungGen      total 25088K, used 24738K [0x00000000eab00000, 0x00000000ec780000, 0x0000000100000000)
  eden space 22016K, 100% used [0x00000000eab00000,0x00000000ec080000,0x00000000ec080000)
  from space 3072K, 88% used [0x00000000ec480000,0x00000000ec728810,0x00000000ec780000)
  to   space 3072K, 0% used [0x00000000ec180000,0x00000000ec180000,0x00000000ec480000)
 ParOldGen       total 68608K, used 19379K [0x00000000c0000000, 0x00000000c4300000, 0x00000000eab00000)
  object space 68608K, 28% used [0x00000000c0000000,0x00000000c12ecef0,0x00000000c4300000)
 Metaspace       used 31881K, committed 32832K, reserved 1114112K
  class space    used 3130K, committed 3520K, reserved 1048576K
}
Event: 21.171 GC heap after
{Heap after GC invocations=14 (full 1):
 PSYoungGen      total 24576K, used 2468K [0x00000000eab00000, 0x00000000ec680000, 0x0000000100000000)
  eden space 22016K, 0% used [0x00000000eab00000,0x00000000eab00000,0x00000000ec080000)
  from space 2560K, 96% used [0x00000000ec180000,0x00000000ec3e9000,0x00000000ec400000)
  to   space 2560K, 0% used [0x00000000ec400000,0x00000000ec400000,0x00000000ec680000)
 ParOldGen       total 68608K, used 21826K [0x00000000c0000000, 0x00000000c4300000, 0x00000000eab00000)
  object space 68608K, 31% used [0x00000000c0000000,0x00000000c15508b0,0x00000000c4300000)
 Metaspace       used 31881K, committed 32832K, reserved 1114112K
  class space    used 3130K, committed 3520K, reserved 1048576K
}
Event: 21.744 GC heap before
{Heap before GC invocations=15 (full 1):
 PSYoungGen      total 24576K, used 24484K [0x00000000eab00000, 0x00000000ec680000, 0x0000000100000000)
  eden space 22016K, 100% used [0x00000000eab00000,0x00000000ec080000,0x00000000ec080000)
  from space 2560K, 96% used [0x00000000ec180000,0x00000000ec3e9000,0x00000000ec400000)
  to   space 2560K, 0% used [0x00000000ec400000,0x00000000ec400000,0x00000000ec680000)
 ParOldGen       total 68608K, used 21826K [0x00000000c0000000, 0x00000000c4300000, 0x00000000eab00000)
  object space 68608K, 31% used [0x00000000c0000000,0x00000000c15508b0,0x00000000c4300000)
 Metaspace       used 31964K, committed 32896K, reserved 1114112K
  class space    used 3131K, committed 3520K, reserved 1048576K
}
Event: 21.753 GC heap after
{Heap after GC invocations=15 (full 1):
 PSYoungGen      total 22528K, used 2528K [0x00000000eab00000, 0x00000000ecb80000, 0x0000000100000000)
  eden space 19968K, 0% used [0x00000000eab00000,0x00000000eab00000,0x00000000ebe80000)
  from space 2560K, 98% used [0x00000000ec400000,0x00000000ec678010,0x00000000ec680000)
  to   space 5632K, 0% used [0x00000000ebe80000,0x00000000ebe80000,0x00000000ec400000)
 ParOldGen       total 68608K, used 24143K [0x00000000c0000000, 0x00000000c4300000, 0x00000000eab00000)
  object space 68608K, 35% used [0x00000000c0000000,0x00000000c1793ed8,0x00000000c4300000)
 Metaspace       used 31964K, committed 32896K, reserved 1114112K
  class space    used 3131K, committed 3520K, reserved 1048576K
}
Event: 22.876 GC heap before
{Heap before GC invocations=16 (full 1):
 PSYoungGen      total 22528K, used 22496K [0x00000000eab00000, 0x00000000ecb80000, 0x0000000100000000)
  eden space 19968K, 100% used [0x00000000eab00000,0x00000000ebe80000,0x00000000ebe80000)
  from space 2560K, 98% used [0x00000000ec400000,0x00000000ec678010,0x00000000ec680000)
  to   space 5632K, 0% used [0x00000000ebe80000,0x00000000ebe80000,0x00000000ec400000)
 ParOldGen       total 68608K, used 24143K [0x00000000c0000000, 0x00000000c4300000, 0x00000000eab00000)
  object space 68608K, 35% used [0x00000000c0000000,0x00000000c1793ed8,0x00000000c4300000)
 Metaspace       used 32212K, committed 33088K, reserved 1114112K
  class space    used 3165K, committed 3520K, reserved 1048576K
}
Event: 22.913 GC heap after
{Heap after GC invocations=16 (full 1):
 PSYoungGen      total 22016K, used 1856K [0x00000000eab00000, 0x00000000ec480000, 0x0000000100000000)
  eden space 19968K, 0% used [0x00000000eab00000,0x00000000eab00000,0x00000000ebe80000)
  from space 2048K, 90% used [0x00000000ebe80000,0x00000000ec050000,0x00000000ec080000)
  to   space 3072K, 0% used [0x00000000ec180000,0x00000000ec180000,0x00000000ec480000)
 ParOldGen       total 68608K, used 26591K [0x00000000c0000000, 0x00000000c4300000, 0x00000000eab00000)
  object space 68608K, 38% used [0x00000000c0000000,0x00000000c19f7ee8,0x00000000c4300000)
 Metaspace       used 32212K, committed 33088K, reserved 1114112K
  class space    used 3165K, committed 3520K, reserved 1048576K
}
Event: 25.801 GC heap before
{Heap before GC invocations=17 (full 1):
 PSYoungGen      total 22016K, used 21824K [0x00000000eab00000, 0x00000000ec480000, 0x0000000100000000)
  eden space 19968K, 100% used [0x00000000eab00000,0x00000000ebe80000,0x00000000ebe80000)
  from space 2048K, 90% used [0x00000000ebe80000,0x00000000ec050000,0x00000000ec080000)
  to   space 3072K, 0% used [0x00000000ec180000,0x00000000ec180000,0x00000000ec480000)
 ParOldGen       total 68608K, used 26591K [0x00000000c0000000, 0x00000000c4300000, 0x00000000eab00000)
  object space 68608K, 38% used [0x00000000c0000000,0x00000000c19f7ee8,0x00000000c4300000)
 Metaspace       used 34306K, committed 35200K, reserved 1114112K
  class space    used 3412K, committed 3776K, reserved 1048576K
}
Event: 25.809 GC heap after
{Heap after GC invocations=17 (full 1):
 PSYoungGen      total 20992K, used 852K [0x00000000eab00000, 0x00000000ec280000, 0x0000000100000000)
  eden space 19968K, 0% used [0x00000000eab00000,0x00000000eab00000,0x00000000ebe80000)
  from space 1024K, 83% used [0x00000000ec180000,0x00000000ec2553f8,0x00000000ec280000)
  to   space 1536K, 0% used [0x00000000ebf80000,0x00000000ebf80000,0x00000000ec100000)
 ParOldGen       total 68608K, used 28294K [0x00000000c0000000, 0x00000000c4300000, 0x00000000eab00000)
  object space 68608K, 41% used [0x00000000c0000000,0x00000000c1ba1940,0x00000000c4300000)
 Metaspace       used 34306K, committed 35200K, reserved 1114112K
  class space    used 3412K, committed 3776K, reserved 1048576K
}
Event: 27.742 GC heap before
{Heap before GC invocations=18 (full 1):
 PSYoungGen      total 20992K, used 12355K [0x00000000eab00000, 0x00000000ec280000, 0x0000000100000000)
  eden space 19968K, 57% used [0x00000000eab00000,0x00000000eb63bb98,0x00000000ebe80000)
  from space 1024K, 83% used [0x00000000ec180000,0x00000000ec2553f8,0x00000000ec280000)
  to   space 1536K, 0% used [0x00000000ebf80000,0x00000000ebf80000,0x00000000ec100000)
 ParOldGen       total 68608K, used 28294K [0x00000000c0000000, 0x00000000c4300000, 0x00000000eab00000)
  object space 68608K, 41% used [0x00000000c0000000,0x00000000c1ba1940,0x00000000c4300000)
 Metaspace       used 34949K, committed 35840K, reserved 1114112K
  class space    used 3473K, committed 3840K, reserved 1048576K
}
Event: 27.746 GC heap after
{Heap after GC invocations=18 (full 1):
 PSYoungGen      total 21504K, used 448K [0x00000000eab00000, 0x00000000ec200000, 0x0000000100000000)
  eden space 19968K, 0% used [0x00000000eab00000,0x00000000eab00000,0x00000000ebe80000)
  from space 1536K, 29% used [0x00000000ebf80000,0x00000000ebff0010,0x00000000ec100000)
  to   space 1024K, 0% used [0x00000000ec100000,0x00000000ec100000,0x00000000ec200000)
 ParOldGen       total 68608K, used 28958K [0x00000000c0000000, 0x00000000c4300000, 0x00000000eab00000)
  object space 68608K, 42% used [0x00000000c0000000,0x00000000c1c47880,0x00000000c4300000)
 Metaspace       used 34949K, committed 35840K, reserved 1114112K
  class space    used 3473K, committed 3840K, reserved 1048576K
}
Event: 27.746 GC heap before
{Heap before GC invocations=19 (full 2):
 PSYoungGen      total 21504K, used 448K [0x00000000eab00000, 0x00000000ec200000, 0x0000000100000000)
  eden space 19968K, 0% used [0x00000000eab00000,0x00000000eab00000,0x00000000ebe80000)
  from space 1536K, 29% used [0x00000000ebf80000,0x00000000ebff0010,0x00000000ec100000)
  to   space 1024K, 0% used [0x00000000ec100000,0x00000000ec100000,0x00000000ec200000)
 ParOldGen       total 68608K, used 28958K [0x00000000c0000000, 0x00000000c4300000, 0x00000000eab00000)
  object space 68608K, 42% used [0x00000000c0000000,0x00000000c1c47880,0x00000000c4300000)
 Metaspace       used 34949K, committed 35840K, reserved 1114112K
  class space    used 3473K, committed 3840K, reserved 1048576K
}

