# JRE version: OpenJDK Runtime Environment Temurin-21.0.7+6 (21.0.7+6) (build 21.0.7+6-LTS)
# Java VM: OpenJDK 64-Bit Server VM Temurin-21.0.7+6 (21.0.7+6-LTS, mixed mode, sharing, tiered, compressed oops, compressed class ptrs, parallel gc, windows-amd64)
GC Precious Log:
 CardTable entry size: 512
 CPUs: 8 total, 8 available
 Memory: 8101M
 Large Page Support: Disabled
 NUMA Support: Disabled
 Compressed Oops: Enabled (32-bit)
 Alignments: Space 512K, Generation 512K, Heap 2M
 Heap Min Capacity: 100M
 Heap Initial Capacity: 100M
 Heap Max Capacity: 1G
 Pre-touch: Disabled
 Parallel Workers: 8
Heap:
 PSYoungGen      total 7168K, used 7008K [0x00000000eab00000, 0x00000000eb580000, 0x0000000100000000)
  eden space 6656K, 100% used [0x00000000eab00000,0x00000000eb180000,0x00000000eb180000)
  from space 512K, 68% used [0x00000000eb500000,0x00000000eb558000,0x00000000eb580000)
  to   space 512K, 31% used [0x00000000eb480000,0x00000000eb4a8000,0x00000000eb500000)
 ParOldGen       total 339968K, used 339504K [0x00000000c0000000, 0x00000000d4c00000, 0x00000000eab00000)
  object space 339968K, 99% used [0x00000000c0000000,0x00000000d4b8c228,0x00000000d4c00000)
 Metaspace       used 78160K, committed 79744K, reserved 1179648K
  class space    used 8010K, committed 8704K, reserved 1048576K
GC Heap History (20 events):
Event: 55.186 GC heap after
{Heap after GC invocations=1294 (full 4):
 PSYoungGen      total 8704K, used 1140K [0x00000000eab00000, 0x00000000eb800000, 0x0000000100000000)
  eden space 6656K, 0% used [0x00000000eab00000,0x00000000eab00000,0x00000000eb180000)
  from space 2048K, 55% used [0x00000000eb480000,0x00000000eb59d220,0x00000000eb680000)
  to   space 1536K, 0% used [0x00000000eb680000,0x00000000eb680000,0x00000000eb800000)
 ParOldGen       total 336896K, used 336425K [0x00000000c0000000, 0x00000000d4900000, 0x00000000eab00000)
  object space 336896K, 99% used [0x00000000c0000000,0x00000000d488a788,0x00000000d4900000)
 Metaspace       used 73195K, committed 74816K, reserved 1179648K
  class space    used 7424K, committed 8128K, reserved 1048576K
}
Event: 55.330 GC heap before
{Heap before GC invocations=1295 (full 4):
 PSYoungGen      total 8704K, used 7796K [0x00000000eab00000, 0x00000000eb800000, 0x0000000100000000)
  eden space 6656K, 100% used [0x00000000eab00000,0x00000000eb180000,0x00000000eb180000)
  from space 2048K, 55% used [0x00000000eb480000,0x00000000eb59d220,0x00000000eb680000)
  to   space 1536K, 0% used [0x00000000eb680000,0x00000000eb680000,0x00000000eb800000)
 ParOldGen       total 336896K, used 336425K [0x00000000c0000000, 0x00000000d4900000, 0x00000000eab00000)
  object space 336896K, 99% used [0x00000000c0000000,0x00000000d488a788,0x00000000d4900000)
 Metaspace       used 73816K, committed 75392K, reserved 1179648K
  class space    used 7471K, committed 8192K, reserved 1048576K
}
Event: 55.332 GC heap after
{Heap after GC invocations=1295 (full 4):
 PSYoungGen      total 7168K, used 487K [0x00000000eab00000, 0x00000000eb700000, 0x0000000100000000)
  eden space 6656K, 0% used [0x00000000eab00000,0x00000000eab00000,0x00000000eb180000)
  from space 512K, 95% used [0x00000000eb680000,0x00000000eb6f9ef0,0x00000000eb700000)
  to   space 1024K, 0% used [0x00000000eb500000,0x00000000eb500000,0x00000000eb600000)
 ParOldGen       total 337408K, used 337265K [0x00000000c0000000, 0x00000000d4980000, 0x00000000eab00000)
  object space 337408K, 99% used [0x00000000c0000000,0x00000000d495c7b8,0x00000000d4980000)
 Metaspace       used 73816K, committed 75392K, reserved 1179648K
  class space    used 7471K, committed 8192K, reserved 1048576K
}
Event: 55.434 GC heap before
{Heap before GC invocations=1296 (full 4):
 PSYoungGen      total 7168K, used 7143K [0x00000000eab00000, 0x00000000eb700000, 0x0000000100000000)
  eden space 6656K, 100% used [0x00000000eab00000,0x00000000eb180000,0x00000000eb180000)
  from space 512K, 95% used [0x00000000eb680000,0x00000000eb6f9ef0,0x00000000eb700000)
  to   space 1024K, 0% used [0x00000000eb500000,0x00000000eb500000,0x00000000eb600000)
 ParOldGen       total 337408K, used 337265K [0x00000000c0000000, 0x00000000d4980000, 0x00000000eab00000)
  object space 337408K, 99% used [0x00000000c0000000,0x00000000d495c7b8,0x00000000d4980000)
 Metaspace       used 74219K, committed 75776K, reserved 1179648K
  class space    used 7515K, committed 8192K, reserved 1048576K
}
Event: 55.437 GC heap after
{Heap after GC invocations=1296 (full 4):
 PSYoungGen      total 7680K, used 993K [0x00000000eab00000, 0x00000000eb700000, 0x0000000100000000)
  eden space 6656K, 0% used [0x00000000eab00000,0x00000000eab00000,0x00000000eb180000)
  from space 1024K, 97% used [0x00000000eb500000,0x00000000eb5f8700,0x00000000eb600000)
  to   space 1024K, 0% used [0x00000000eb600000,0x00000000eb600000,0x00000000eb700000)
 ParOldGen       total 337920K, used 337625K [0x00000000c0000000, 0x00000000d4a00000, 0x00000000eab00000)
  object space 337920K, 99% used [0x00000000c0000000,0x00000000d49b67b8,0x00000000d4a00000)
 Metaspace       used 74219K, committed 75776K, reserved 1179648K
  class space    used 7515K, committed 8192K, reserved 1048576K
}
Event: 632.376 GC heap before
{Heap before GC invocations=1297 (full 4):
 PSYoungGen      total 7680K, used 7649K [0x00000000eab00000, 0x00000000eb700000, 0x0000000100000000)
  eden space 6656K, 100% used [0x00000000eab00000,0x00000000eb180000,0x00000000eb180000)
  from space 1024K, 97% used [0x00000000eb500000,0x00000000eb5f8700,0x00000000eb600000)
  to   space 1024K, 0% used [0x00000000eb600000,0x00000000eb600000,0x00000000eb700000)
 ParOldGen       total 337920K, used 337625K [0x00000000c0000000, 0x00000000d4a00000, 0x00000000eab00000)
  object space 337920K, 99% used [0x00000000c0000000,0x00000000d49b67b8,0x00000000d4a00000)
 Metaspace       used 74744K, committed 76352K, reserved 1179648K
  class space    used 7560K, committed 8256K, reserved 1048576K
}
Event: 634.776 GC heap after
{Heap after GC invocations=1297 (full 4):
 PSYoungGen      total 7168K, used 256K [0x00000000eab00000, 0x00000000eb680000, 0x0000000100000000)
  eden space 6656K, 0% used [0x00000000eab00000,0x00000000eab00000,0x00000000eb180000)
  from space 512K, 50% used [0x00000000eb600000,0x00000000eb640000,0x00000000eb680000)
  to   space 1024K, 0% used [0x00000000eb480000,0x00000000eb480000,0x00000000eb580000)
 ParOldGen       total 337920K, used 337793K [0x00000000c0000000, 0x00000000d4a00000, 0x00000000eab00000)
  object space 337920K, 99% used [0x00000000c0000000,0x00000000d49e07b8,0x00000000d4a00000)
 Metaspace       used 74744K, committed 76352K, reserved 1179648K
  class space    used 7560K, committed 8256K, reserved 1048576K
}
Event: 651.384 GC heap before
{Heap before GC invocations=1298 (full 4):
 PSYoungGen      total 7168K, used 6884K [0x00000000eab00000, 0x00000000eb680000, 0x0000000100000000)
  eden space 6656K, 99% used [0x00000000eab00000,0x00000000eb179100,0x00000000eb180000)
  from space 512K, 50% used [0x00000000eb600000,0x00000000eb640000,0x00000000eb680000)
  to   space 1024K, 0% used [0x00000000eb480000,0x00000000eb480000,0x00000000eb580000)
 ParOldGen       total 337920K, used 337793K [0x00000000c0000000, 0x00000000d4a00000, 0x00000000eab00000)
  object space 337920K, 99% used [0x00000000c0000000,0x00000000d49e07b8,0x00000000d4a00000)
 Metaspace       used 75154K, committed 76736K, reserved 1179648K
  class space    used 7607K, committed 8320K, reserved 1048576K
}
Event: 651.388 GC heap after
{Heap after GC invocations=1298 (full 4):
 PSYoungGen      total 7680K, used 1020K [0x00000000eab00000, 0x00000000eb680000, 0x0000000100000000)
  eden space 6656K, 0% used [0x00000000eab00000,0x00000000eab00000,0x00000000eb180000)
  from space 1024K, 99% used [0x00000000eb480000,0x00000000eb57f068,0x00000000eb580000)
  to   space 1024K, 0% used [0x00000000eb580000,0x00000000eb580000,0x00000000eb680000)
 ParOldGen       total 338944K, used 338457K [0x00000000c0000000, 0x00000000d4b00000, 0x00000000eab00000)
  object space 338944K, 99% used [0x00000000c0000000,0x00000000d4a865f0,0x00000000d4b00000)
 Metaspace       used 75154K, committed 76736K, reserved 1179648K
  class space    used 7607K, committed 8320K, reserved 1048576K
}
Event: 651.824 GC heap before
{Heap before GC invocations=1299 (full 4):
 PSYoungGen      total 7680K, used 7676K [0x00000000eab00000, 0x00000000eb680000, 0x0000000100000000)
  eden space 6656K, 100% used [0x00000000eab00000,0x00000000eb180000,0x00000000eb180000)
  from space 1024K, 99% used [0x00000000eb480000,0x00000000eb57f068,0x00000000eb580000)
  to   space 1024K, 0% used [0x00000000eb580000,0x00000000eb580000,0x00000000eb680000)
 ParOldGen       total 338944K, used 338457K [0x00000000c0000000, 0x00000000d4b00000, 0x00000000eab00000)
  object space 338944K, 99% used [0x00000000c0000000,0x00000000d4a865f0,0x00000000d4b00000)
 Metaspace       used 75155K, committed 76736K, reserved 1179648K
  class space    used 7607K, committed 8320K, reserved 1048576K
}
Event: 651.826 GC heap after
{Heap after GC invocations=1299 (full 4):
 PSYoungGen      total 7168K, used 224K [0x00000000eab00000, 0x00000000eb600000, 0x0000000100000000)
  eden space 6656K, 0% used [0x00000000eab00000,0x00000000eab00000,0x00000000eb180000)
  from space 512K, 43% used [0x00000000eb580000,0x00000000eb5b8000,0x00000000eb600000)
  to   space 1024K, 0% used [0x00000000eb400000,0x00000000eb400000,0x00000000eb500000)
 ParOldGen       total 338944K, used 338657K [0x00000000c0000000, 0x00000000d4b00000, 0x00000000eab00000)
  object space 338944K, 99% used [0x00000000c0000000,0x00000000d4ab8600,0x00000000d4b00000)
 Metaspace       used 75155K, committed 76736K, reserved 1179648K
  class space    used 7607K, committed 8320K, reserved 1048576K
}
Event: 652.044 GC heap before
{Heap before GC invocations=1300 (full 4):
 PSYoungGen      total 7168K, used 6880K [0x00000000eab00000, 0x00000000eb600000, 0x0000000100000000)
  eden space 6656K, 100% used [0x00000000eab00000,0x00000000eb180000,0x00000000eb180000)
  from space 512K, 43% used [0x00000000eb580000,0x00000000eb5b8000,0x00000000eb600000)
  to   space 1024K, 0% used [0x00000000eb400000,0x00000000eb400000,0x00000000eb500000)
 ParOldGen       total 338944K, used 338657K [0x00000000c0000000, 0x00000000d4b00000, 0x00000000eab00000)
  object space 338944K, 99% used [0x00000000c0000000,0x00000000d4ab8600,0x00000000d4b00000)
 Metaspace       used 76044K, committed 77632K, reserved 1179648K
  class space    used 7689K, committed 8384K, reserved 1048576K
}
Event: 652.047 GC heap after
{Heap after GC invocations=1300 (full 4):
 PSYoungGen      total 7680K, used 465K [0x00000000eab00000, 0x00000000eb600000, 0x0000000100000000)
  eden space 6656K, 0% used [0x00000000eab00000,0x00000000eab00000,0x00000000eb180000)
  from space 1024K, 45% used [0x00000000eb400000,0x00000000eb4745d0,0x00000000eb500000)
  to   space 1024K, 0% used [0x00000000eb500000,0x00000000eb500000,0x00000000eb600000)
 ParOldGen       total 338944K, used 338713K [0x00000000c0000000, 0x00000000d4b00000, 0x00000000eab00000)
  object space 338944K, 99% used [0x00000000c0000000,0x00000000d4ac6600,0x00000000d4b00000)
 Metaspace       used 76044K, committed 77632K, reserved 1179648K
  class space    used 7689K, committed 8384K, reserved 1048576K
}
Event: 652.163 GC heap before
{Heap before GC invocations=1301 (full 4):
 PSYoungGen      total 7680K, used 7119K [0x00000000eab00000, 0x00000000eb600000, 0x0000000100000000)
  eden space 6656K, 99% used [0x00000000eab00000,0x00000000eb17f878,0x00000000eb180000)
  from space 1024K, 45% used [0x00000000eb400000,0x00000000eb4745d0,0x00000000eb500000)
  to   space 1024K, 0% used [0x00000000eb500000,0x00000000eb500000,0x00000000eb600000)
 ParOldGen       total 338944K, used 338713K [0x00000000c0000000, 0x00000000d4b00000, 0x00000000eab00000)
  object space 338944K, 99% used [0x00000000c0000000,0x00000000d4ac6600,0x00000000d4b00000)
 Metaspace       used 76840K, committed 78400K, reserved 1179648K
  class space    used 7800K, committed 8512K, reserved 1048576K
}
Event: 652.165 GC heap after
{Heap after GC invocations=1301 (full 4):
 PSYoungGen      total 7168K, used 240K [0x00000000eab00000, 0x00000000eb580000, 0x0000000100000000)
  eden space 6656K, 0% used [0x00000000eab00000,0x00000000eab00000,0x00000000eb180000)
  from space 512K, 46% used [0x00000000eb500000,0x00000000eb53c010,0x00000000eb580000)
  to   space 512K, 0% used [0x00000000eb480000,0x00000000eb480000,0x00000000eb500000)
 ParOldGen       total 339456K, used 338992K [0x00000000c0000000, 0x00000000d4b80000, 0x00000000eab00000)
  object space 339456K, 99% used [0x00000000c0000000,0x00000000d4b0c1e8,0x00000000d4b80000)
 Metaspace       used 76840K, committed 78400K, reserved 1179648K
  class space    used 7800K, committed 8512K, reserved 1048576K
}
Event: 652.290 GC heap before
{Heap before GC invocations=1302 (full 4):
 PSYoungGen      total 7168K, used 6896K [0x00000000eab00000, 0x00000000eb580000, 0x0000000100000000)
  eden space 6656K, 100% used [0x00000000eab00000,0x00000000eb180000,0x00000000eb180000)
  from space 512K, 46% used [0x00000000eb500000,0x00000000eb53c010,0x00000000eb580000)
  to   space 512K, 0% used [0x00000000eb480000,0x00000000eb480000,0x00000000eb500000)
 ParOldGen       total 339456K, used 338992K [0x00000000c0000000, 0x00000000d4b80000, 0x00000000eab00000)
  object space 339456K, 99% used [0x00000000c0000000,0x00000000d4b0c1e8,0x00000000d4b80000)
 Metaspace       used 77408K, committed 78976K, reserved 1179648K
  class space    used 7929K, committed 8640K, reserved 1048576K
}
Event: 652.292 GC heap after
{Heap after GC invocations=1302 (full 4):
 PSYoungGen      total 7168K, used 288K [0x00000000eab00000, 0x00000000eb580000, 0x0000000100000000)
  eden space 6656K, 0% used [0x00000000eab00000,0x00000000eab00000,0x00000000eb180000)
  from space 512K, 56% used [0x00000000eb480000,0x00000000eb4c8000,0x00000000eb500000)
  to   space 512K, 0% used [0x00000000eb500000,0x00000000eb500000,0x00000000eb580000)
 ParOldGen       total 339456K, used 339128K [0x00000000c0000000, 0x00000000d4b80000, 0x00000000eab00000)
  object space 339456K, 99% used [0x00000000c0000000,0x00000000d4b2e218,0x00000000d4b80000)
 Metaspace       used 77408K, committed 78976K, reserved 1179648K
  class space    used 7929K, committed 8640K, reserved 1048576K
}
Event: 2743.162 GC heap before
{Heap before GC invocations=1303 (full 4):
 PSYoungGen      total 7168K, used 6944K [0x00000000eab00000, 0x00000000eb580000, 0x0000000100000000)
  eden space 6656K, 100% used [0x00000000eab00000,0x00000000eb180000,0x00000000eb180000)
  from space 512K, 56% used [0x00000000eb480000,0x00000000eb4c8000,0x00000000eb500000)
  to   space 512K, 0% used [0x00000000eb500000,0x00000000eb500000,0x00000000eb580000)
 ParOldGen       total 339456K, used 339128K [0x00000000c0000000, 0x00000000d4b80000, 0x00000000eab00000)
  object space 339456K, 99% used [0x00000000c0000000,0x00000000d4b2e218,0x00000000d4b80000)
 Metaspace       used 78143K, committed 79744K, reserved 1179648K
  class space    used 8010K, committed 8704K, reserved 1048576K
}
Event: 2743.265 GC heap after
{Heap after GC invocations=1303 (full 4):
 PSYoungGen      total 7168K, used 352K [0x00000000eab00000, 0x00000000eb580000, 0x0000000100000000)
  eden space 6656K, 0% used [0x00000000eab00000,0x00000000eab00000,0x00000000eb180000)
  from space 512K, 68% used [0x00000000eb500000,0x00000000eb558000,0x00000000eb580000)
  to   space 512K, 0% used [0x00000000eb480000,0x00000000eb480000,0x00000000eb500000)
 ParOldGen       total 339456K, used 339248K [0x00000000c0000000, 0x00000000d4b80000, 0x00000000eab00000)
  object space 339456K, 99% used [0x00000000c0000000,0x00000000d4b4c218,0x00000000d4b80000)
 Metaspace       used 78143K, committed 79744K, reserved 1179648K
  class space    used 8010K, committed 8704K, reserved 1048576K
}
Event: 57759.862 GC heap before
{Heap before GC invocations=1304 (full 4):
 PSYoungGen      total 7168K, used 7008K [0x00000000eab00000, 0x00000000eb580000, 0x0000000100000000)
  eden space 6656K, 100% used [0x00000000eab00000,0x00000000eb180000,0x00000000eb180000)
  from space 512K, 68% used [0x00000000eb500000,0x00000000eb558000,0x00000000eb580000)
  to   space 512K, 0% used [0x00000000eb480000,0x00000000eb480000,0x00000000eb500000)
 ParOldGen       total 339456K, used 339248K [0x00000000c0000000, 0x00000000d4b80000, 0x00000000eab00000)
  object space 339456K, 99% used [0x00000000c0000000,0x00000000d4b4c218,0x00000000d4b80000)
 Metaspace       used 78160K, committed 79744K, reserved 1179648K
  class space    used 8010K, committed 8704K, reserved 1048576K
}

